#
# There is insufficient memory for the Java Runtime Environment to continue.
# Native memory allocation (mmap) failed to map 260046848 bytes for Failed to commit area from 0x0000000709800000 to 0x0000000719000000 of length 260046848.
# Possible reasons:
#   The system is out of physical RAM or swap space
#   The process is running with CompressedOops enabled, and the Java Heap may be blocking the growth of the native heap
# Possible solutions:
#   Reduce memory load on the system
#   Increase physical memory or swap space
#   Check if swap backing store is full
#   Decrease Java heap size (-Xmx/-Xms)
#   Decrease number of Java threads
#   Decrease Java thread stack sizes (-Xss)
#   Set larger code cache with -XX:ReservedCodeCacheSize=
# This output file may be truncated or incomplete.
#
#  Out of Memory Error (./src/hotspot/os/windows/os_windows.cpp:3387), pid=12784, tid=1860
#
# JRE version:  (11.0.14.1+1) (build )
# Java VM: OpenJDK 64-Bit Server VM (11.0.14.1+1, mixed mode, sharing, tiered, compressed oops, g1 gc, windows-amd64)
# No core dump will be written. Minidumps are not enabled by default on client versions of Windows
#

---------------  S U M M A R Y ------------

Command Line: 

Host: AMD Ryzen 9 5900HS with Radeon Graphics        , 16 cores, 15G,  Windows 10 , 64 bit Build 19041 (10.0.19041.3636)
Time: Wed Apr 24 14:39:25 2024 Hora est. Pacífico, Sudamérica elapsed time: 0.010434 seconds (0d 0h 0m 0s)

---------------  T H R E A D  ---------------

Current thread (0x000002415b611000):  JavaThread "Unknown thread" [_thread_in_vm, id=1860, stack(0x00000066ce200000,0x00000066ce300000)]

Stack: [0x00000066ce200000,0x00000066ce300000]
Native frames: (J=compiled Java code, j=interpreted, Vv=VM code, C=native code)
V  [jvm.dll+0x61e59a]
V  [jvm.dll+0x7aaca9]
V  [jvm.dll+0x7ac398]
V  [jvm.dll+0x7aca73]
V  [jvm.dll+0x24f9b8]
V  [jvm.dll+0x61b83a]
V  [jvm.dll+0x6100c5]
V  [jvm.dll+0x30772c]
V  [jvm.dll+0x3075b2]
V  [jvm.dll+0x30c2d6]
V  [jvm.dll+0x35272f]
V  [jvm.dll+0x352160]
V  [jvm.dll+0x2e4728]
V  [jvm.dll+0x2e5886]
V  [jvm.dll+0x784b07]
V  [jvm.dll+0x78628f]
V  [jvm.dll+0x35f479]
V  [jvm.dll+0x767aa0]
V  [jvm.dll+0x3ccf1f]
V  [jvm.dll+0x3cf2b1]
C  [jli.dll+0x5207]
C  [ucrtbase.dll+0x21bb2]
C  [KERNEL32.DLL+0x17344]
C  [ntdll.dll+0x526b1]


---------------  P R O C E S S  ---------------

Threads class SMR info:
_java_thread_list=0x000002415935e860, length=0, elements={
}

Java Threads: ( => current thread )

Other Threads:
  0x000002415b62c000 GCTaskThread "GC Thread#0" [stack: 0x00000066ce300000,0x00000066ce400000] [id=16668]
  0x000002415b685800 ConcurrentGCThread "G1 Main Marker" [stack: 0x00000066ce400000,0x00000066ce500000] [id=932]
  0x000002415b689000 ConcurrentGCThread "G1 Conc#0" [stack: 0x00000066ce500000,0x00000066ce600000] [id=6596]

[error occurred during error reporting (printing all threads), id 0xc0000005, EXCEPTION_ACCESS_VIOLATION (0xc0000005) at pc=0x00007ffb06323ef7]

VM state:not at safepoint (not fully initialized)

VM Mutex/Monitor currently owned by a thread:  ([mutex/lock_event])
[0x000002415b60db50] Heap_lock - owner thread: 0x000002415b611000

Heap address: 0x0000000709800000, size: 3944 MB, Compressed Oops mode: Non-zero based: 0x0000000709800000
Narrow klass base: 0x0000000000000000, Narrow klass shift: 0

GC Heap History (0 events):
No events

Deoptimization events (0 events):
No events

Classes redefined (0 events):
No events

Internal exceptions (0 events):
No events

Events (1 events):
Event: 0.006 Loaded shared library C:\Program Files\Unity\Hub\Editor\2022.3.19f1\Editor\Data\PlaybackEngines\AndroidPlayer\OpenJDK\bin\zip.dll


Dynamic libraries:
0x00007ff6cf260000 - 0x00007ff6cf26d000 	C:\Program Files\Unity\Hub\Editor\2022.3.19f1\Editor\Data\PlaybackEngines\AndroidPlayer\OpenJDK\bin\java.exe
0x00007ffb75d70000 - 0x00007ffb75f68000 	C:\Windows\SYSTEM32\ntdll.dll
0x00007ffb757e0000 - 0x00007ffb7589d000 	C:\Windows\System32\KERNEL32.DLL
0x00007ffb73610000 - 0x00007ffb73906000 	C:\Windows\System32\KERNELBASE.dll
0x00007ffb70670000 - 0x00007ffb70700000 	C:\Windows\SYSTEM32\apphelp.dll
0x00007ffb739f0000 - 0x00007ffb73af0000 	C:\Windows\System32\ucrtbase.dll
0x00007ffb391e0000 - 0x00007ffb391f7000 	C:\Program Files\Unity\Hub\Editor\2022.3.19f1\Editor\Data\PlaybackEngines\AndroidPlayer\OpenJDK\bin\jli.dll
0x00007ffb387e0000 - 0x00007ffb387f5000 	C:\Program Files\Unity\Hub\Editor\2022.3.19f1\Editor\Data\PlaybackEngines\AndroidPlayer\OpenJDK\bin\VCRUNTIME140.dll
0x00007ffb75aa0000 - 0x00007ffb75c3f000 	C:\Windows\System32\USER32.dll
0x00007ffb739c0000 - 0x00007ffb739e2000 	C:\Windows\System32\win32u.dll
0x00007ffb62180000 - 0x00007ffb6241a000 	C:\Windows\WinSxS\amd64_microsoft.windows.common-controls_6595b64144ccf1df_6.0.19041.3636_none_60b6a03d71f818d5\COMCTL32.dll
0x00007ffb746a0000 - 0x00007ffb746cb000 	C:\Windows\System32\GDI32.dll
0x00007ffb74800000 - 0x00007ffb7489e000 	C:\Windows\System32\msvcrt.dll
0x00007ffb73c80000 - 0x00007ffb73d97000 	C:\Windows\System32\gdi32full.dll
0x00007ffb734b0000 - 0x00007ffb7354d000 	C:\Windows\System32\msvcp_win.dll
0x00007ffb75ce0000 - 0x00007ffb75d12000 	C:\Windows\System32\IMM32.DLL
0x00007ffb32c10000 - 0x00007ffb32cab000 	C:\Program Files\Unity\Hub\Editor\2022.3.19f1\Editor\Data\PlaybackEngines\AndroidPlayer\OpenJDK\bin\msvcp140.dll
0x00007ffb06030000 - 0x00007ffb06bb1000 	C:\Program Files\Unity\Hub\Editor\2022.3.19f1\Editor\Data\PlaybackEngines\AndroidPlayer\OpenJDK\bin\server\jvm.dll
0x00007ffb73e00000 - 0x00007ffb73eb0000 	C:\Windows\System32\ADVAPI32.dll
0x00007ffb75c40000 - 0x00007ffb75ce0000 	C:\Windows\System32\sechost.dll
0x00007ffb746d0000 - 0x00007ffb747f3000 	C:\Windows\System32\RPCRT4.dll
0x00007ffb73c50000 - 0x00007ffb73c77000 	C:\Windows\System32\bcrypt.dll
0x00007ffb74200000 - 0x00007ffb74208000 	C:\Windows\System32\PSAPI.DLL
0x00007ffb6be60000 - 0x00007ffb6be69000 	C:\Windows\SYSTEM32\WSOCK32.dll
0x00007ffb71210000 - 0x00007ffb71237000 	C:\Windows\SYSTEM32\WINMM.dll
0x00007ffb6a5c0000 - 0x00007ffb6a5ca000 	C:\Windows\SYSTEM32\VERSION.dll
0x00007ffb75130000 - 0x00007ffb7519b000 	C:\Windows\System32\WS2_32.dll
0x00007ffb71c40000 - 0x00007ffb71c52000 	C:\Windows\SYSTEM32\kernel.appcore.dll
0x00007ffb40ec0000 - 0x00007ffb40ed0000 	C:\Program Files\Unity\Hub\Editor\2022.3.19f1\Editor\Data\PlaybackEngines\AndroidPlayer\OpenJDK\bin\verify.dll
0x00007ffb71020000 - 0x00007ffb71204000 	C:\Windows\SYSTEM32\DBGHELP.DLL
0x00007ffb70e90000 - 0x00007ffb70ec4000 	C:\Windows\SYSTEM32\dbgcore.DLL
0x00007ffb73420000 - 0x00007ffb734a2000 	C:\Windows\System32\bcryptPrimitives.dll
0x00007ffb387b0000 - 0x00007ffb387d8000 	C:\Program Files\Unity\Hub\Editor\2022.3.19f1\Editor\Data\PlaybackEngines\AndroidPlayer\OpenJDK\bin\java.dll
0x00007ffb40ea0000 - 0x00007ffb40eaa000 	C:\Program Files\Unity\Hub\Editor\2022.3.19f1\Editor\Data\PlaybackEngines\AndroidPlayer\OpenJDK\bin\jimage.dll
0x00007ffb38790000 - 0x00007ffb387a8000 	C:\Program Files\Unity\Hub\Editor\2022.3.19f1\Editor\Data\PlaybackEngines\AndroidPlayer\OpenJDK\bin\zip.dll

dbghelp: loaded successfully - version: 4.0.5 - missing functions: none
symbol engine: initialized successfully - sym options: 0x614 - pdb path: .;C:\Program Files\Unity\Hub\Editor\2022.3.19f1\Editor\Data\PlaybackEngines\AndroidPlayer\OpenJDK\bin;C:\Windows\SYSTEM32;C:\Windows\WinSxS\amd64_microsoft.windows.common-controls_6595b64144ccf1df_6.0.19041.3636_none_60b6a03d71f818d5;C:\Program Files\Unity\Hub\Editor\2022.3.19f1\Editor\Data\PlaybackEngines\AndroidPlayer\OpenJDK\bin\server

VM Arguments:
java_command: <unknown>
java_class_path (initial): <not set>
Launcher Type: SUN_STANDARD

[Global flags]
     intx CICompilerCount                          = 12                                        {product} {ergonomic}
     uint ConcGCThreads                            = 3                                         {product} {ergonomic}
     uint G1ConcRefinementThreads                  = 13                                        {product} {ergonomic}
   size_t G1HeapRegionSize                         = 1048576                                   {product} {ergonomic}
    uintx GCDrainStackTargetSize                   = 64                                        {product} {ergonomic}
   size_t InitialHeapSize                          = 260046848                                 {product} {ergonomic}
   size_t MarkStackSize                            = 4194304                                   {product} {ergonomic}
   size_t MaxHeapSize                              = 4135583744                                {product} {ergonomic}
   size_t MinHeapDeltaBytes                        = 1048576                                   {product} {ergonomic}
    uintx NonNMethodCodeHeapSize                   = 7594288                                {pd product} {ergonomic}
    uintx NonProfiledCodeHeapSize                  = 122031976                              {pd product} {ergonomic}
    uintx ProfiledCodeHeapSize                     = 122031976                              {pd product} {ergonomic}
    uintx ReservedCodeCacheSize                    = 251658240                              {pd product} {ergonomic}
     bool SegmentedCodeCache                       = true                                      {product} {ergonomic}
     bool UseCompressedClassPointers               = true                                 {lp64_product} {ergonomic}
     bool UseCompressedOops                        = true                                 {lp64_product} {ergonomic}
     bool UseG1GC                                  = true                                      {product} {ergonomic}
     bool UseLargePagesIndividualAllocation        = false                                  {pd product} {ergonomic}

Logging:
Log output configuration:
 #0: stdout all=warning uptime,level,tags
 #1: stderr all=off uptime,level,tags

Environment Variables:
JAVA_HOME=C:\Program Files\Unity\Hub\Editor\2022.3.19f1\Editor\Data\PlaybackEngines\AndroidPlayer\OpenJDK
PATH=C:\Program Files\Common Files\Oracle\Java\javapath;C:\Program Files (x86)\Razer\ChromaBroadcast\bin;C:\Program Files\Razer\ChromaBroadcast\bin;C:\Windows\system32;C:\Windows;C:\Windows\System32\Wbem;C:\Windows\System32\WindowsPowerShell\v1.0\;C:\Windows\System32\OpenSSH\;C:\Program Files (x86)\NVIDIA Corporation\PhysX\Common;C:\Windows\system32\config\systemprofile\AppData\Local\Microsoft\WindowsApps;C:\Program Files\Git\cmd;C:\Program Files\dotnet\;C:\Program Files\NVIDIA Corporation\NVIDIA NvDLISR;C:\Program Files\nodejs\;C:\ProgramData\chocolatey\bin;;C:\Program Files\Git LFS;C:\Users\1313n\AppData\Local\Microsoft\WindowsApps;C:\Users\1313n\AppData\Local\Programs\Microsoft VS Code\bin;C:\Users\1313n\AppData\Local\GitHubDesktop\bin;C:\Users\1313n\.dotnet\tools;C:\Users\1313n\AppData\Roaming\npm;C:\Users\1313n\AppData\Local\gitkraken\bin;C:\Users\1313n\.dotnet\tools
USERNAME=1313n
OS=Windows_NT
PROCESSOR_IDENTIFIER=AMD64 Family 25 Model 80 Stepping 0, AuthenticAMD



---------------  S Y S T E M  ---------------

OS: Windows 10 , 64 bit Build 19041 (10.0.19041.3636)
OS uptime: 0 days 4:01 hours

CPU:total 16 (initial active 16) (16 cores per cpu, 2 threads per core) family 25 model 80 stepping 0 microcode 0x0, cmov, cx8, fxsr, mmx, sse, sse2, sse3, ssse3, sse4.1, sse4.2, popcnt, avx, avx2, aes, clmul, erms, mmxext, 3dnowpref, lzcnt, sse4a, ht, tsc, tscinvbit, tscinv, bmi1, bmi2, adx, sha, fma

Memory: 4k page, system-wide physical 15775M (3205M free)
TotalPageFile size 15775M (AvailPageFile size 235M)
current process WorkingSet (physical memory assigned to process): 11M, peak: 11M
current process commit charge ("private bytes"): 71M, peak: 319M

vm_info: OpenJDK 64-Bit Server VM (11.0.14.1+1) for windows-amd64 JRE (11.0.14.1+1), built on Feb  9 2022 01:48:27 by "" with unknown MS VC++:1916

END.
